2024-10-10T11:47:55.933+05:00  INFO 13774 --- [aquilae] [main] com.example.aquilae.AquilaeApplication   : Starting AquilaeApplication using Java 21.0.4 with PID 13774 (/home/jehaierys/IdeaProjects/aquilae/build/classes/java/main started by jehaierys in /home/jehaierys/IdeaProjects/aquilae)
2024-10-10T11:47:55.939+05:00 DEBUG 13774 --- [aquilae] [main] com.example.aquilae.AquilaeApplication   : Running with Spring Boot v3.3.4, Spring v6.1.13
2024-10-10T11:47:55.939+05:00  INFO 13774 --- [aquilae] [main] com.example.aquilae.AquilaeApplication   : No active profile set, falling back to 1 default profile: "default"
2024-10-10T11:47:56.540+05:00  INFO 13774 --- [aquilae] [main] .s.d.r.c.RepositoryConfigurationDelegate : Bootstrapping Spring Data JPA repositories in DEFAULT mode.
2024-10-10T11:47:56.595+05:00  INFO 13774 --- [aquilae] [main] .s.d.r.c.RepositoryConfigurationDelegate : Finished Spring Data repository scanning in 45 ms. Found 3 JPA repository interfaces.
2024-10-10T11:47:56.890+05:00  INFO 13774 --- [aquilae] [main] o.s.b.w.embedded.tomcat.TomcatWebServer  : Tomcat initialized with port 8081 (http)
2024-10-10T11:47:56.896+05:00  INFO 13774 --- [aquilae] [main] o.apache.catalina.core.StandardService   : Starting service [Tomcat]
2024-10-10T11:47:56.896+05:00  INFO 13774 --- [aquilae] [main] o.apache.catalina.core.StandardEngine    : Starting Servlet engine: [Apache Tomcat/10.1.30]
2024-10-10T11:47:56.933+05:00  INFO 13774 --- [aquilae] [main] o.a.c.c.C.[Tomcat].[localhost].[/]       : Initializing Spring embedded WebApplicationContext
2024-10-10T11:47:56.933+05:00  INFO 13774 --- [aquilae] [main] w.s.c.ServletWebServerApplicationContext : Root WebApplicationContext: initialization completed in 958 ms
2024-10-10T11:47:57.200+05:00  INFO 13774 --- [aquilae] [main] o.hibernate.jpa.internal.util.LogHelper  : HHH000204: Processing PersistenceUnitInfo [name: default]
2024-10-10T11:47:57.226+05:00  INFO 13774 --- [aquilae] [main] org.hibernate.Version                    : HHH000412: Hibernate ORM core version 6.5.3.Final
2024-10-10T11:47:57.240+05:00  INFO 13774 --- [aquilae] [main] o.h.c.internal.RegionFactoryInitiator    : HHH000026: Second-level cache disabled
2024-10-10T11:47:57.389+05:00  INFO 13774 --- [aquilae] [main] o.s.o.j.p.SpringPersistenceUnitInfo      : No LoadTimeWeaver setup: ignoring JPA class transformer
2024-10-10T11:47:58.051+05:00  INFO 13774 --- [aquilae] [main] o.h.e.t.j.p.i.JtaPlatformInitiator       : HHH000489: No JTA platform available (set 'hibernate.transaction.jta.platform' to enable JTA platform integration)
2024-10-10T11:47:58.132+05:00  INFO 13774 --- [aquilae] [main] j.LocalContainerEntityManagerFactoryBean : Initialized JPA EntityManagerFactory for persistence unit 'default'
2024-10-10T11:47:58.300+05:00  WARN 13774 --- [aquilae] [main] o.s.aop.framework.CglibAopProxy          : Unable to proxy interface-implementing method [public final void org.springframework.web.filter.OncePerRequestFilter.doFilter(jakarta.servlet.ServletRequest,jakarta.servlet.ServletResponse,jakarta.servlet.FilterChain) throws jakarta.servlet.ServletException,java.io.IOException] because it is marked as final, consider using interface-based JDK proxies instead.
2024-10-10T11:47:58.300+05:00  WARN 13774 --- [aquilae] [main] o.s.aop.framework.CglibAopProxy          : Unable to proxy interface-implementing method [public final void org.springframework.web.filter.GenericFilterBean.init(jakarta.servlet.FilterConfig) throws jakarta.servlet.ServletException] because it is marked as final, consider using interface-based JDK proxies instead.
2024-10-10T11:47:58.320+05:00  INFO 13774 --- [aquilae] [main] o.s.d.j.r.query.QueryEnhancerFactory     : Hibernate is in classpath; If applicable, HQL parser will be used.
2024-10-10T11:47:58.343+05:00 DEBUG 13774 --- [aquilae] [main] c.example.aquilae.config.JwtAuthFilter   : Filter 'jwtAuthFilter' configured for use
2024-10-10T11:47:58.365+05:00  WARN 13774 --- [aquilae] [main] JpaBaseConfiguration$JpaWebConfiguration : spring.jpa.open-in-view is enabled by default. Therefore, database queries may be performed during view rendering. Explicitly configure spring.jpa.open-in-view to disable this warning
2024-10-10T11:47:58.387+05:00  INFO 13774 --- [aquilae] [main] eAuthenticationProviderManagerConfigurer : Global AuthenticationManager configured with AuthenticationProvider bean with name daoAuthenticationProvider
2024-10-10T11:47:58.387+05:00  WARN 13774 --- [aquilae] [main] r$InitializeUserDetailsManagerConfigurer : Global AuthenticationManager configured with an AuthenticationProvider bean. UserDetailsService beans will not be used for username/password login. Consider removing the AuthenticationProvider bean. Alternatively, consider using the UserDetailsService in a manually instantiated DaoAuthenticationProvider.
2024-10-10T11:47:58.438+05:00  INFO 13774 --- [aquilae] [main] o.s.b.a.w.s.WelcomePageHandlerMapping    : Adding welcome page template: index
2024-10-10T11:47:58.732+05:00  INFO 13774 --- [aquilae] [main] o.s.b.w.embedded.tomcat.TomcatWebServer  : Tomcat started on port 8081 (http) with context path '/'
2024-10-10T11:47:58.736+05:00  INFO 13774 --- [aquilae] [main] com.example.aquilae.AquilaeApplication   : Started AquilaeApplication in 3.129 seconds (process running for 3.633)
2024-10-10T11:48:44.219+05:00  INFO 13774 --- [aquilae] [http-nio-8081-exec-1] o.a.c.c.C.[Tomcat].[localhost].[/]       : Initializing Spring DispatcherServlet 'dispatcherServlet'
2024-10-10T11:48:44.219+05:00  INFO 13774 --- [aquilae] [http-nio-8081-exec-1] o.s.web.servlet.DispatcherServlet        : Initializing Servlet 'dispatcherServlet'
2024-10-10T11:48:44.221+05:00  INFO 13774 --- [aquilae] [http-nio-8081-exec-1] o.s.web.servlet.DispatcherServlet        : Completed initialization in 2 ms
2024-10-10T11:48:44.241+05:00  INFO 13774 --- [aquilae] [http-nio-8081-exec-1] c.example.aquilae.user.AdminController   : sneakers() method called
2024-10-10T11:48:44.241+05:00  INFO 13774 --- [aquilae] [http-nio-8081-exec-1] c.e.aquilae.sneakers.SneakersService     : getAllSneakers called
2024-10-10T11:48:45.577+05:00  INFO 13774 --- [aquilae] [http-nio-8081-exec-2] c.example.aquilae.user.AdminController   : users() method called
2024-10-10T11:48:45.577+05:00  INFO 13774 --- [aquilae] [http-nio-8081-exec-2] com.example.aquilae.user.UserService     : users() method called
2024-10-10T11:48:45.614+05:00  INFO 13774 --- [aquilae] [http-nio-8081-exec-2] com.example.aquilae.user.UserService     : na@gmail.com - is empty: false
2024-10-10T11:48:45.616+05:00  INFO 13774 --- [aquilae] [http-nio-8081-exec-2] c.example.aquilae.user.AdminController   : 5 users found
2024-10-10T11:48:45.617+05:00  INFO 13774 --- [aquilae] [http-nio-8081-exec-2] com.example.aquilae.user.UserService     : users() method called
2024-10-10T11:48:45.621+05:00  INFO 13774 --- [aquilae] [http-nio-8081-exec-2] com.example.aquilae.user.UserService     : na@gmail.com - is empty: false
2024-10-10T11:48:49.270+05:00  INFO 13774 --- [aquilae] [http-nio-8081-exec-3] c.example.aquilae.user.AdminController   : sneakers() method called
2024-10-10T11:48:49.270+05:00  INFO 13774 --- [aquilae] [http-nio-8081-exec-3] c.e.aquilae.sneakers.SneakersService     : getAllSneakers called
2024-10-10T11:48:50.208+05:00  INFO 13774 --- [aquilae] [http-nio-8081-exec-4] c.example.aquilae.user.AdminController   : sneakers() method called
2024-10-10T11:48:50.209+05:00  INFO 13774 --- [aquilae] [http-nio-8081-exec-4] c.e.aquilae.sneakers.SneakersService     : getAllSneakers called
2024-10-10T11:48:50.709+05:00  INFO 13774 --- [aquilae] [http-nio-8081-exec-5] c.example.aquilae.user.AdminController   : sneakers() method called
2024-10-10T11:48:50.709+05:00  INFO 13774 --- [aquilae] [http-nio-8081-exec-5] c.e.aquilae.sneakers.SneakersService     : getAllSneakers called
2024-10-10T11:49:56.137+05:00  INFO 13774 --- [aquilae] [SpringApplicationShutdownHook] j.LocalContainerEntityManagerFactoryBean : Closing JPA EntityManagerFactory for persistence unit 'default'
2024-10-10T11:49:58.082+05:00  INFO 14295 --- [aquilae] [main] com.example.aquilae.AquilaeApplication   : Starting AquilaeApplication using Java 21.0.4 with PID 14295 (/home/jehaierys/IdeaProjects/aquilae/build/classes/java/main started by jehaierys in /home/jehaierys/IdeaProjects/aquilae)
2024-10-10T11:49:58.083+05:00 DEBUG 14295 --- [aquilae] [main] com.example.aquilae.AquilaeApplication   : Running with Spring Boot v3.3.4, Spring v6.1.13
2024-10-10T11:49:58.083+05:00  INFO 14295 --- [aquilae] [main] com.example.aquilae.AquilaeApplication   : No active profile set, falling back to 1 default profile: "default"
2024-10-10T11:49:58.525+05:00  INFO 14295 --- [aquilae] [main] .s.d.r.c.RepositoryConfigurationDelegate : Bootstrapping Spring Data JPA repositories in DEFAULT mode.
2024-10-10T11:49:58.551+05:00  INFO 14295 --- [aquilae] [main] .s.d.r.c.RepositoryConfigurationDelegate : Finished Spring Data repository scanning in 22 ms. Found 3 JPA repository interfaces.
2024-10-10T11:49:58.841+05:00  INFO 14295 --- [aquilae] [main] o.s.b.w.embedded.tomcat.TomcatWebServer  : Tomcat initialized with port 8081 (http)
2024-10-10T11:49:58.848+05:00  INFO 14295 --- [aquilae] [main] o.apache.catalina.core.StandardService   : Starting service [Tomcat]
2024-10-10T11:49:58.849+05:00  INFO 14295 --- [aquilae] [main] o.apache.catalina.core.StandardEngine    : Starting Servlet engine: [Apache Tomcat/10.1.30]
2024-10-10T11:49:58.871+05:00  INFO 14295 --- [aquilae] [main] o.a.c.c.C.[Tomcat].[localhost].[/]       : Initializing Spring embedded WebApplicationContext
2024-10-10T11:49:58.872+05:00  INFO 14295 --- [aquilae] [main] w.s.c.ServletWebServerApplicationContext : Root WebApplicationContext: initialization completed in 765 ms
2024-10-10T11:49:59.135+05:00  INFO 14295 --- [aquilae] [main] o.hibernate.jpa.internal.util.LogHelper  : HHH000204: Processing PersistenceUnitInfo [name: default]
2024-10-10T11:49:59.158+05:00  INFO 14295 --- [aquilae] [main] org.hibernate.Version                    : HHH000412: Hibernate ORM core version 6.5.3.Final
2024-10-10T11:49:59.170+05:00  INFO 14295 --- [aquilae] [main] o.h.c.internal.RegionFactoryInitiator    : HHH000026: Second-level cache disabled
2024-10-10T11:49:59.296+05:00  INFO 14295 --- [aquilae] [main] o.s.o.j.p.SpringPersistenceUnitInfo      : No LoadTimeWeaver setup: ignoring JPA class transformer
2024-10-10T11:49:59.880+05:00  INFO 14295 --- [aquilae] [main] o.h.e.t.j.p.i.JtaPlatformInitiator       : HHH000489: No JTA platform available (set 'hibernate.transaction.jta.platform' to enable JTA platform integration)
2024-10-10T11:49:59.931+05:00  INFO 14295 --- [aquilae] [main] j.LocalContainerEntityManagerFactoryBean : Initialized JPA EntityManagerFactory for persistence unit 'default'
2024-10-10T11:50:00.049+05:00  WARN 14295 --- [aquilae] [main] o.s.aop.framework.CglibAopProxy          : Unable to proxy interface-implementing method [public final void org.springframework.web.filter.OncePerRequestFilter.doFilter(jakarta.servlet.ServletRequest,jakarta.servlet.ServletResponse,jakarta.servlet.FilterChain) throws jakarta.servlet.ServletException,java.io.IOException] because it is marked as final, consider using interface-based JDK proxies instead.
2024-10-10T11:50:00.049+05:00  WARN 14295 --- [aquilae] [main] o.s.aop.framework.CglibAopProxy          : Unable to proxy interface-implementing method [public final void org.springframework.web.filter.GenericFilterBean.init(jakarta.servlet.FilterConfig) throws jakarta.servlet.ServletException] because it is marked as final, consider using interface-based JDK proxies instead.
2024-10-10T11:50:00.067+05:00  INFO 14295 --- [aquilae] [main] o.s.d.j.r.query.QueryEnhancerFactory     : Hibernate is in classpath; If applicable, HQL parser will be used.
2024-10-10T11:50:00.100+05:00 DEBUG 14295 --- [aquilae] [main] c.example.aquilae.config.JwtAuthFilter   : Filter 'jwtAuthFilter' configured for use
2024-10-10T11:50:00.134+05:00  WARN 14295 --- [aquilae] [main] JpaBaseConfiguration$JpaWebConfiguration : spring.jpa.open-in-view is enabled by default. Therefore, database queries may be performed during view rendering. Explicitly configure spring.jpa.open-in-view to disable this warning
2024-10-10T11:50:00.160+05:00  INFO 14295 --- [aquilae] [main] eAuthenticationProviderManagerConfigurer : Global AuthenticationManager configured with AuthenticationProvider bean with name daoAuthenticationProvider
2024-10-10T11:50:00.161+05:00  WARN 14295 --- [aquilae] [main] r$InitializeUserDetailsManagerConfigurer : Global AuthenticationManager configured with an AuthenticationProvider bean. UserDetailsService beans will not be used for username/password login. Consider removing the AuthenticationProvider bean. Alternatively, consider using the UserDetailsService in a manually instantiated DaoAuthenticationProvider.
2024-10-10T11:50:00.208+05:00  INFO 14295 --- [aquilae] [main] o.s.b.a.w.s.WelcomePageHandlerMapping    : Adding welcome page template: index
2024-10-10T11:50:00.437+05:00  INFO 14295 --- [aquilae] [main] o.s.b.w.embedded.tomcat.TomcatWebServer  : Tomcat started on port 8081 (http) with context path '/'
2024-10-10T11:50:00.441+05:00  INFO 14295 --- [aquilae] [main] com.example.aquilae.AquilaeApplication   : Started AquilaeApplication in 2.549 seconds (process running for 2.907)
2024-10-10T11:50:19.131+05:00  INFO 14295 --- [aquilae] [http-nio-8081-exec-1] o.a.c.c.C.[Tomcat].[localhost].[/]       : Initializing Spring DispatcherServlet 'dispatcherServlet'
2024-10-10T11:50:19.132+05:00  INFO 14295 --- [aquilae] [http-nio-8081-exec-1] o.s.web.servlet.DispatcherServlet        : Initializing Servlet 'dispatcherServlet'
2024-10-10T11:50:19.132+05:00  INFO 14295 --- [aquilae] [http-nio-8081-exec-1] o.s.web.servlet.DispatcherServlet        : Completed initialization in 0 ms
2024-10-10T11:50:19.164+05:00  INFO 14295 --- [aquilae] [http-nio-8081-exec-2] com.example.aquilae.FrontGiver           : login page called
2024-10-10T11:50:23.917+05:00  INFO 14295 --- [aquilae] [http-nio-8081-exec-4] com.example.aquilae.FrontGiver           : admin panel called
2024-10-10T11:50:23.949+05:00  INFO 14295 --- [aquilae] [http-nio-8081-exec-7] com.example.aquilae.FrontGiver           : login page called
2024-10-10T11:50:23.966+05:00  INFO 14295 --- [aquilae] [http-nio-8081-exec-8] com.example.aquilae.FrontGiver           : login page called
2024-10-10T11:50:44.406+05:00  INFO 14295 --- [aquilae] [http-nio-8081-exec-9] com.example.aquilae.FrontGiver           : admin panel called
2024-10-10T11:50:44.432+05:00  INFO 14295 --- [aquilae] [http-nio-8081-exec-2] com.example.aquilae.FrontGiver           : login page called
2024-10-10T11:50:44.447+05:00  INFO 14295 --- [aquilae] [http-nio-8081-exec-3] com.example.aquilae.FrontGiver           : login page called
2024-10-10T11:50:47.525+05:00  INFO 14295 --- [aquilae] [SpringApplicationShutdownHook] j.LocalContainerEntityManagerFactoryBean : Closing JPA EntityManagerFactory for persistence unit 'default'
2024-10-10T11:50:49.488+05:00  INFO 14697 --- [aquilae] [main] com.example.aquilae.AquilaeApplication   : Starting AquilaeApplication using Java 21.0.4 with PID 14697 (/home/jehaierys/IdeaProjects/aquilae/build/classes/java/main started by jehaierys in /home/jehaierys/IdeaProjects/aquilae)
2024-10-10T11:50:49.489+05:00 DEBUG 14697 --- [aquilae] [main] com.example.aquilae.AquilaeApplication   : Running with Spring Boot v3.3.4, Spring v6.1.13
2024-10-10T11:50:49.489+05:00  INFO 14697 --- [aquilae] [main] com.example.aquilae.AquilaeApplication   : No active profile set, falling back to 1 default profile: "default"
2024-10-10T11:50:49.854+05:00  INFO 14697 --- [aquilae] [main] .s.d.r.c.RepositoryConfigurationDelegate : Bootstrapping Spring Data JPA repositories in DEFAULT mode.
2024-10-10T11:50:49.879+05:00  INFO 14697 --- [aquilae] [main] .s.d.r.c.RepositoryConfigurationDelegate : Finished Spring Data repository scanning in 22 ms. Found 3 JPA repository interfaces.
2024-10-10T11:50:50.178+05:00  INFO 14697 --- [aquilae] [main] o.s.b.w.embedded.tomcat.TomcatWebServer  : Tomcat initialized with port 8081 (http)
2024-10-10T11:50:50.185+05:00  INFO 14697 --- [aquilae] [main] o.apache.catalina.core.StandardService   : Starting service [Tomcat]
2024-10-10T11:50:50.185+05:00  INFO 14697 --- [aquilae] [main] o.apache.catalina.core.StandardEngine    : Starting Servlet engine: [Apache Tomcat/10.1.30]
2024-10-10T11:50:50.210+05:00  INFO 14697 --- [aquilae] [main] o.a.c.c.C.[Tomcat].[localhost].[/]       : Initializing Spring embedded WebApplicationContext
2024-10-10T11:50:50.210+05:00  INFO 14697 --- [aquilae] [main] w.s.c.ServletWebServerApplicationContext : Root WebApplicationContext: initialization completed in 697 ms
2024-10-10T11:50:50.503+05:00  INFO 14697 --- [aquilae] [main] o.hibernate.jpa.internal.util.LogHelper  : HHH000204: Processing PersistenceUnitInfo [name: default]
2024-10-10T11:50:50.527+05:00  INFO 14697 --- [aquilae] [main] org.hibernate.Version                    : HHH000412: Hibernate ORM core version 6.5.3.Final
2024-10-10T11:50:50.543+05:00  INFO 14697 --- [aquilae] [main] o.h.c.internal.RegionFactoryInitiator    : HHH000026: Second-level cache disabled
2024-10-10T11:50:50.691+05:00  INFO 14697 --- [aquilae] [main] o.s.o.j.p.SpringPersistenceUnitInfo      : No LoadTimeWeaver setup: ignoring JPA class transformer
2024-10-10T11:50:51.557+05:00  INFO 14697 --- [aquilae] [main] o.h.e.t.j.p.i.JtaPlatformInitiator       : HHH000489: No JTA platform available (set 'hibernate.transaction.jta.platform' to enable JTA platform integration)
2024-10-10T11:50:51.608+05:00  INFO 14697 --- [aquilae] [main] j.LocalContainerEntityManagerFactoryBean : Initialized JPA EntityManagerFactory for persistence unit 'default'
2024-10-10T11:50:51.800+05:00  WARN 14697 --- [aquilae] [main] o.s.aop.framework.CglibAopProxy          : Unable to proxy interface-implementing method [public final void org.springframework.web.filter.OncePerRequestFilter.doFilter(jakarta.servlet.ServletRequest,jakarta.servlet.ServletResponse,jakarta.servlet.FilterChain) throws jakarta.servlet.ServletException,java.io.IOException] because it is marked as final, consider using interface-based JDK proxies instead.
2024-10-10T11:50:51.801+05:00  WARN 14697 --- [aquilae] [main] o.s.aop.framework.CglibAopProxy          : Unable to proxy interface-implementing method [public final void org.springframework.web.filter.GenericFilterBean.init(jakarta.servlet.FilterConfig) throws jakarta.servlet.ServletException] because it is marked as final, consider using interface-based JDK proxies instead.
2024-10-10T11:50:51.824+05:00  INFO 14697 --- [aquilae] [main] o.s.d.j.r.query.QueryEnhancerFactory     : Hibernate is in classpath; If applicable, HQL parser will be used.
2024-10-10T11:50:51.845+05:00 DEBUG 14697 --- [aquilae] [main] c.example.aquilae.config.JwtAuthFilter   : Filter 'jwtAuthFilter' configured for use
2024-10-10T11:50:51.864+05:00  WARN 14697 --- [aquilae] [main] JpaBaseConfiguration$JpaWebConfiguration : spring.jpa.open-in-view is enabled by default. Therefore, database queries may be performed during view rendering. Explicitly configure spring.jpa.open-in-view to disable this warning
2024-10-10T11:50:51.881+05:00  INFO 14697 --- [aquilae] [main] eAuthenticationProviderManagerConfigurer : Global AuthenticationManager configured with AuthenticationProvider bean with name daoAuthenticationProvider
2024-10-10T11:50:51.881+05:00  WARN 14697 --- [aquilae] [main] r$InitializeUserDetailsManagerConfigurer : Global AuthenticationManager configured with an AuthenticationProvider bean. UserDetailsService beans will not be used for username/password login. Consider removing the AuthenticationProvider bean. Alternatively, consider using the UserDetailsService in a manually instantiated DaoAuthenticationProvider.
2024-10-10T11:50:51.927+05:00  INFO 14697 --- [aquilae] [main] o.s.b.a.w.s.WelcomePageHandlerMapping    : Adding welcome page template: index
2024-10-10T11:50:52.173+05:00  INFO 14697 --- [aquilae] [main] o.s.b.w.embedded.tomcat.TomcatWebServer  : Tomcat started on port 8081 (http) with context path '/'
2024-10-10T11:50:52.178+05:00  INFO 14697 --- [aquilae] [main] com.example.aquilae.AquilaeApplication   : Started AquilaeApplication in 2.902 seconds (process running for 3.321)
2024-10-10T11:51:03.593+05:00  INFO 14697 --- [aquilae] [http-nio-8081-exec-1] o.a.c.c.C.[Tomcat].[localhost].[/]       : Initializing Spring DispatcherServlet 'dispatcherServlet'
2024-10-10T11:51:03.593+05:00  INFO 14697 --- [aquilae] [http-nio-8081-exec-1] o.s.web.servlet.DispatcherServlet        : Initializing Servlet 'dispatcherServlet'
2024-10-10T11:51:03.594+05:00  INFO 14697 --- [aquilae] [http-nio-8081-exec-1] o.s.web.servlet.DispatcherServlet        : Completed initialization in 1 ms
2024-10-10T11:51:03.615+05:00  INFO 14697 --- [aquilae] [http-nio-8081-exec-1] com.example.aquilae.FrontGiver           : admin panel called
2024-10-10T11:51:03.726+05:00  INFO 14697 --- [aquilae] [http-nio-8081-exec-4] com.example.aquilae.FrontGiver           : login page called
2024-10-10T11:51:03.739+05:00  INFO 14697 --- [aquilae] [http-nio-8081-exec-5] com.example.aquilae.FrontGiver           : login page called
2024-10-10T11:51:48.783+05:00  INFO 14697 --- [aquilae] [SpringApplicationShutdownHook] j.LocalContainerEntityManagerFactoryBean : Closing JPA EntityManagerFactory for persistence unit 'default'
2024-10-10T11:51:51.057+05:00  INFO 15238 --- [aquilae] [main] com.example.aquilae.AquilaeApplication   : Starting AquilaeApplication using Java 21.0.4 with PID 15238 (/home/jehaierys/IdeaProjects/aquilae/build/classes/java/main started by jehaierys in /home/jehaierys/IdeaProjects/aquilae)
2024-10-10T11:51:51.058+05:00 DEBUG 15238 --- [aquilae] [main] com.example.aquilae.AquilaeApplication   : Running with Spring Boot v3.3.4, Spring v6.1.13
2024-10-10T11:51:51.059+05:00  INFO 15238 --- [aquilae] [main] com.example.aquilae.AquilaeApplication   : No active profile set, falling back to 1 default profile: "default"
2024-10-10T11:51:51.449+05:00  INFO 15238 --- [aquilae] [main] .s.d.r.c.RepositoryConfigurationDelegate : Bootstrapping Spring Data JPA repositories in DEFAULT mode.
2024-10-10T11:51:51.475+05:00  INFO 15238 --- [aquilae] [main] .s.d.r.c.RepositoryConfigurationDelegate : Finished Spring Data repository scanning in 23 ms. Found 3 JPA repository interfaces.
2024-10-10T11:51:51.741+05:00  INFO 15238 --- [aquilae] [main] o.s.b.w.embedded.tomcat.TomcatWebServer  : Tomcat initialized with port 8081 (http)
2024-10-10T11:51:51.747+05:00  INFO 15238 --- [aquilae] [main] o.apache.catalina.core.StandardService   : Starting service [Tomcat]
2024-10-10T11:51:51.747+05:00  INFO 15238 --- [aquilae] [main] o.apache.catalina.core.StandardEngine    : Starting Servlet engine: [Apache Tomcat/10.1.30]
2024-10-10T11:51:51.768+05:00  INFO 15238 --- [aquilae] [main] o.a.c.c.C.[Tomcat].[localhost].[/]       : Initializing Spring embedded WebApplicationContext
2024-10-10T11:51:51.768+05:00  INFO 15238 --- [aquilae] [main] w.s.c.ServletWebServerApplicationContext : Root WebApplicationContext: initialization completed in 678 ms
2024-10-10T11:51:52.021+05:00  INFO 15238 --- [aquilae] [main] o.hibernate.jpa.internal.util.LogHelper  : HHH000204: Processing PersistenceUnitInfo [name: default]
2024-10-10T11:51:52.042+05:00  INFO 15238 --- [aquilae] [main] org.hibernate.Version                    : HHH000412: Hibernate ORM core version 6.5.3.Final
2024-10-10T11:51:52.056+05:00  INFO 15238 --- [aquilae] [main] o.h.c.internal.RegionFactoryInitiator    : HHH000026: Second-level cache disabled
2024-10-10T11:51:52.173+05:00  INFO 15238 --- [aquilae] [main] o.s.o.j.p.SpringPersistenceUnitInfo      : No LoadTimeWeaver setup: ignoring JPA class transformer
2024-10-10T11:51:52.723+05:00  INFO 15238 --- [aquilae] [main] o.h.e.t.j.p.i.JtaPlatformInitiator       : HHH000489: No JTA platform available (set 'hibernate.transaction.jta.platform' to enable JTA platform integration)
2024-10-10T11:51:52.773+05:00  INFO 15238 --- [aquilae] [main] j.LocalContainerEntityManagerFactoryBean : Initialized JPA EntityManagerFactory for persistence unit 'default'
2024-10-10T11:51:52.901+05:00  WARN 15238 --- [aquilae] [main] o.s.aop.framework.CglibAopProxy          : Unable to proxy interface-implementing method [public final void org.springframework.web.filter.OncePerRequestFilter.doFilter(jakarta.servlet.ServletRequest,jakarta.servlet.ServletResponse,jakarta.servlet.FilterChain) throws jakarta.servlet.ServletException,java.io.IOException] because it is marked as final, consider using interface-based JDK proxies instead.
2024-10-10T11:51:52.901+05:00  WARN 15238 --- [aquilae] [main] o.s.aop.framework.CglibAopProxy          : Unable to proxy interface-implementing method [public final void org.springframework.web.filter.GenericFilterBean.init(jakarta.servlet.FilterConfig) throws jakarta.servlet.ServletException] because it is marked as final, consider using interface-based JDK proxies instead.
2024-10-10T11:51:52.920+05:00  INFO 15238 --- [aquilae] [main] o.s.d.j.r.query.QueryEnhancerFactory     : Hibernate is in classpath; If applicable, HQL parser will be used.
2024-10-10T11:51:52.954+05:00 DEBUG 15238 --- [aquilae] [main] c.example.aquilae.config.JwtAuthFilter   : Filter 'jwtAuthFilter' configured for use
2024-10-10T11:51:52.984+05:00  WARN 15238 --- [aquilae] [main] JpaBaseConfiguration$JpaWebConfiguration : spring.jpa.open-in-view is enabled by default. Therefore, database queries may be performed during view rendering. Explicitly configure spring.jpa.open-in-view to disable this warning
2024-10-10T11:51:53.004+05:00  INFO 15238 --- [aquilae] [main] eAuthenticationProviderManagerConfigurer : Global AuthenticationManager configured with AuthenticationProvider bean with name daoAuthenticationProvider
2024-10-10T11:51:53.005+05:00  WARN 15238 --- [aquilae] [main] r$InitializeUserDetailsManagerConfigurer : Global AuthenticationManager configured with an AuthenticationProvider bean. UserDetailsService beans will not be used for username/password login. Consider removing the AuthenticationProvider bean. Alternatively, consider using the UserDetailsService in a manually instantiated DaoAuthenticationProvider.
2024-10-10T11:51:53.048+05:00  INFO 15238 --- [aquilae] [main] o.s.b.a.w.s.WelcomePageHandlerMapping    : Adding welcome page template: index
2024-10-10T11:51:53.280+05:00  INFO 15238 --- [aquilae] [main] o.s.b.w.embedded.tomcat.TomcatWebServer  : Tomcat started on port 8081 (http) with context path '/'
2024-10-10T11:51:53.285+05:00  INFO 15238 --- [aquilae] [main] com.example.aquilae.AquilaeApplication   : Started AquilaeApplication in 2.416 seconds (process running for 2.814)
2024-10-10T11:51:58.449+05:00  INFO 15238 --- [aquilae] [http-nio-8081-exec-1] o.a.c.c.C.[Tomcat].[localhost].[/]       : Initializing Spring DispatcherServlet 'dispatcherServlet'
2024-10-10T11:51:58.449+05:00  INFO 15238 --- [aquilae] [http-nio-8081-exec-1] o.s.web.servlet.DispatcherServlet        : Initializing Servlet 'dispatcherServlet'
2024-10-10T11:51:58.450+05:00  INFO 15238 --- [aquilae] [http-nio-8081-exec-1] o.s.web.servlet.DispatcherServlet        : Completed initialization in 1 ms
2024-10-10T11:51:58.469+05:00  INFO 15238 --- [aquilae] [http-nio-8081-exec-1] com.example.aquilae.FrontGiver           : admin panel called
2024-10-10T11:51:59.415+05:00  INFO 15238 --- [aquilae] [http-nio-8081-exec-4] c.example.aquilae.user.AdminController   : sneakers() method called
2024-10-10T11:51:59.415+05:00  INFO 15238 --- [aquilae] [http-nio-8081-exec-4] c.e.aquilae.sneakers.SneakersService     : getAllSneakers called
2024-10-10T11:52:22.329+05:00  INFO 15238 --- [aquilae] [http-nio-8081-exec-5] c.example.aquilae.user.AdminController   : sneakers() method called
2024-10-10T11:52:22.329+05:00  INFO 15238 --- [aquilae] [http-nio-8081-exec-5] c.e.aquilae.sneakers.SneakersService     : getAllSneakers called
2024-10-10T11:52:24.229+05:00  INFO 15238 --- [aquilae] [http-nio-8081-exec-7] c.example.aquilae.user.AdminController   : users() method called
2024-10-10T11:52:24.229+05:00  INFO 15238 --- [aquilae] [http-nio-8081-exec-7] com.example.aquilae.user.UserService     : users() method called
2024-10-10T11:52:24.272+05:00  INFO 15238 --- [aquilae] [http-nio-8081-exec-7] com.example.aquilae.user.UserService     : na@gmail.com - is empty: false
2024-10-10T11:52:24.274+05:00  INFO 15238 --- [aquilae] [http-nio-8081-exec-7] c.example.aquilae.user.AdminController   : 5 users found
2024-10-10T11:52:24.274+05:00  INFO 15238 --- [aquilae] [http-nio-8081-exec-7] com.example.aquilae.user.UserService     : users() method called
2024-10-10T11:52:24.277+05:00  INFO 15238 --- [aquilae] [http-nio-8081-exec-7] com.example.aquilae.user.UserService     : na@gmail.com - is empty: false
2024-10-10T11:53:02.141+05:00  INFO 15238 --- [aquilae] [http-nio-8081-exec-8] c.example.aquilae.user.AdminController   : sneakers() method called
2024-10-10T11:53:02.142+05:00  INFO 15238 --- [aquilae] [http-nio-8081-exec-8] c.e.aquilae.sneakers.SneakersService     : getAllSneakers called
2024-10-10T11:53:02.561+05:00  INFO 15238 --- [aquilae] [http-nio-8081-exec-9] c.example.aquilae.user.AdminController   : sneakers() method called
2024-10-10T11:53:02.562+05:00  INFO 15238 --- [aquilae] [http-nio-8081-exec-9] c.e.aquilae.sneakers.SneakersService     : getAllSneakers called
2024-10-10T11:53:02.994+05:00  INFO 15238 --- [aquilae] [http-nio-8081-exec-10] c.example.aquilae.user.AdminController   : sneakers() method called
2024-10-10T11:53:02.994+05:00  INFO 15238 --- [aquilae] [http-nio-8081-exec-10] c.e.aquilae.sneakers.SneakersService     : getAllSneakers called
2024-10-10T11:53:03.462+05:00  INFO 15238 --- [aquilae] [http-nio-8081-exec-1] c.example.aquilae.user.AdminController   : sneakers() method called
2024-10-10T11:53:03.462+05:00  INFO 15238 --- [aquilae] [http-nio-8081-exec-1] c.e.aquilae.sneakers.SneakersService     : getAllSneakers called
2024-10-10T11:53:04.371+05:00  INFO 15238 --- [aquilae] [http-nio-8081-exec-2] c.example.aquilae.user.AdminController   : sneakers() method called
2024-10-10T11:53:04.372+05:00  INFO 15238 --- [aquilae] [http-nio-8081-exec-2] c.e.aquilae.sneakers.SneakersService     : getAllSneakers called
2024-10-10T11:53:06.039+05:00  INFO 15238 --- [aquilae] [http-nio-8081-exec-3] c.example.aquilae.user.AdminController   : users() method called
2024-10-10T11:53:06.039+05:00  INFO 15238 --- [aquilae] [http-nio-8081-exec-3] com.example.aquilae.user.UserService     : users() method called
2024-10-10T11:53:06.074+05:00  INFO 15238 --- [aquilae] [http-nio-8081-exec-3] com.example.aquilae.user.UserService     : na@gmail.com - is empty: false
2024-10-10T11:53:06.076+05:00  INFO 15238 --- [aquilae] [http-nio-8081-exec-3] c.example.aquilae.user.AdminController   : 5 users found
2024-10-10T11:53:06.076+05:00  INFO 15238 --- [aquilae] [http-nio-8081-exec-3] com.example.aquilae.user.UserService     : users() method called
2024-10-10T11:53:06.079+05:00  INFO 15238 --- [aquilae] [http-nio-8081-exec-3] com.example.aquilae.user.UserService     : na@gmail.com - is empty: false
2024-10-10T11:53:32.285+05:00  INFO 15238 --- [aquilae] [http-nio-8081-exec-4] c.example.aquilae.user.AdminController   : sneakers() method called
2024-10-10T11:53:32.285+05:00  INFO 15238 --- [aquilae] [http-nio-8081-exec-4] c.e.aquilae.sneakers.SneakersService     : getAllSneakers called
2024-10-10T11:53:32.808+05:00  INFO 15238 --- [aquilae] [http-nio-8081-exec-5] c.example.aquilae.user.AdminController   : sneakers() method called
2024-10-10T11:53:32.808+05:00  INFO 15238 --- [aquilae] [http-nio-8081-exec-5] c.e.aquilae.sneakers.SneakersService     : getAllSneakers called
2024-10-10T11:53:33.997+05:00  INFO 15238 --- [aquilae] [http-nio-8081-exec-7] c.example.aquilae.user.AdminController   : users() method called
2024-10-10T11:53:33.998+05:00  INFO 15238 --- [aquilae] [http-nio-8081-exec-7] com.example.aquilae.user.UserService     : users() method called
2024-10-10T11:53:34.025+05:00  INFO 15238 --- [aquilae] [http-nio-8081-exec-7] com.example.aquilae.user.UserService     : na@gmail.com - is empty: false
2024-10-10T11:53:34.028+05:00  INFO 15238 --- [aquilae] [http-nio-8081-exec-7] c.example.aquilae.user.AdminController   : 5 users found
2024-10-10T11:53:34.028+05:00  INFO 15238 --- [aquilae] [http-nio-8081-exec-7] com.example.aquilae.user.UserService     : users() method called
2024-10-10T11:53:34.033+05:00  INFO 15238 --- [aquilae] [http-nio-8081-exec-7] com.example.aquilae.user.UserService     : na@gmail.com - is empty: false
2024-10-10T11:54:37.837+05:00  INFO 15238 --- [aquilae] [SpringApplicationShutdownHook] j.LocalContainerEntityManagerFactoryBean : Closing JPA EntityManagerFactory for persistence unit 'default'
2024-10-10T11:54:39.939+05:00  INFO 15850 --- [aquilae] [main] com.example.aquilae.AquilaeApplication   : Starting AquilaeApplication using Java 21.0.4 with PID 15850 (/home/jehaierys/IdeaProjects/aquilae/build/classes/java/main started by jehaierys in /home/jehaierys/IdeaProjects/aquilae)
2024-10-10T11:54:39.940+05:00 DEBUG 15850 --- [aquilae] [main] com.example.aquilae.AquilaeApplication   : Running with Spring Boot v3.3.4, Spring v6.1.13
2024-10-10T11:54:39.941+05:00  INFO 15850 --- [aquilae] [main] com.example.aquilae.AquilaeApplication   : No active profile set, falling back to 1 default profile: "default"
2024-10-10T11:54:40.411+05:00  INFO 15850 --- [aquilae] [main] .s.d.r.c.RepositoryConfigurationDelegate : Bootstrapping Spring Data JPA repositories in DEFAULT mode.
2024-10-10T11:54:40.456+05:00  INFO 15850 --- [aquilae] [main] .s.d.r.c.RepositoryConfigurationDelegate : Finished Spring Data repository scanning in 41 ms. Found 3 JPA repository interfaces.
2024-10-10T11:54:40.792+05:00  INFO 15850 --- [aquilae] [main] o.s.b.w.embedded.tomcat.TomcatWebServer  : Tomcat initialized with port 8081 (http)
2024-10-10T11:54:40.800+05:00  INFO 15850 --- [aquilae] [main] o.apache.catalina.core.StandardService   : Starting service [Tomcat]
2024-10-10T11:54:40.800+05:00  INFO 15850 --- [aquilae] [main] o.apache.catalina.core.StandardEngine    : Starting Servlet engine: [Apache Tomcat/10.1.30]
2024-10-10T11:54:40.829+05:00  INFO 15850 --- [aquilae] [main] o.a.c.c.C.[Tomcat].[localhost].[/]       : Initializing Spring embedded WebApplicationContext
2024-10-10T11:54:40.829+05:00  INFO 15850 --- [aquilae] [main] w.s.c.ServletWebServerApplicationContext : Root WebApplicationContext: initialization completed in 845 ms
2024-10-10T11:54:41.133+05:00  INFO 15850 --- [aquilae] [main] o.hibernate.jpa.internal.util.LogHelper  : HHH000204: Processing PersistenceUnitInfo [name: default]
2024-10-10T11:54:41.154+05:00  INFO 15850 --- [aquilae] [main] org.hibernate.Version                    : HHH000412: Hibernate ORM core version 6.5.3.Final
2024-10-10T11:54:41.166+05:00  INFO 15850 --- [aquilae] [main] o.h.c.internal.RegionFactoryInitiator    : HHH000026: Second-level cache disabled
2024-10-10T11:54:41.280+05:00  INFO 15850 --- [aquilae] [main] o.s.o.j.p.SpringPersistenceUnitInfo      : No LoadTimeWeaver setup: ignoring JPA class transformer
2024-10-10T11:54:41.891+05:00  INFO 15850 --- [aquilae] [main] o.h.e.t.j.p.i.JtaPlatformInitiator       : HHH000489: No JTA platform available (set 'hibernate.transaction.jta.platform' to enable JTA platform integration)
2024-10-10T11:54:41.944+05:00  INFO 15850 --- [aquilae] [main] j.LocalContainerEntityManagerFactoryBean : Initialized JPA EntityManagerFactory for persistence unit 'default'
2024-10-10T11:54:42.072+05:00  WARN 15850 --- [aquilae] [main] o.s.aop.framework.CglibAopProxy          : Unable to proxy interface-implementing method [public final void org.springframework.web.filter.OncePerRequestFilter.doFilter(jakarta.servlet.ServletRequest,jakarta.servlet.ServletResponse,jakarta.servlet.FilterChain) throws jakarta.servlet.ServletException,java.io.IOException] because it is marked as final, consider using interface-based JDK proxies instead.
2024-10-10T11:54:42.072+05:00  WARN 15850 --- [aquilae] [main] o.s.aop.framework.CglibAopProxy          : Unable to proxy interface-implementing method [public final void org.springframework.web.filter.GenericFilterBean.init(jakarta.servlet.FilterConfig) throws jakarta.servlet.ServletException] because it is marked as final, consider using interface-based JDK proxies instead.
2024-10-10T11:54:42.096+05:00  INFO 15850 --- [aquilae] [main] o.s.d.j.r.query.QueryEnhancerFactory     : Hibernate is in classpath; If applicable, HQL parser will be used.
2024-10-10T11:54:42.131+05:00 DEBUG 15850 --- [aquilae] [main] c.example.aquilae.config.JwtAuthFilter   : Filter 'jwtAuthFilter' configured for use
2024-10-10T11:54:42.154+05:00  WARN 15850 --- [aquilae] [main] JpaBaseConfiguration$JpaWebConfiguration : spring.jpa.open-in-view is enabled by default. Therefore, database queries may be performed during view rendering. Explicitly configure spring.jpa.open-in-view to disable this warning
2024-10-10T11:54:42.171+05:00  INFO 15850 --- [aquilae] [main] eAuthenticationProviderManagerConfigurer : Global AuthenticationManager configured with AuthenticationProvider bean with name daoAuthenticationProvider
2024-10-10T11:54:42.171+05:00  WARN 15850 --- [aquilae] [main] r$InitializeUserDetailsManagerConfigurer : Global AuthenticationManager configured with an AuthenticationProvider bean. UserDetailsService beans will not be used for username/password login. Consider removing the AuthenticationProvider bean. Alternatively, consider using the UserDetailsService in a manually instantiated DaoAuthenticationProvider.
2024-10-10T11:54:42.215+05:00  INFO 15850 --- [aquilae] [main] o.s.b.a.w.s.WelcomePageHandlerMapping    : Adding welcome page template: index
2024-10-10T11:54:42.463+05:00  INFO 15850 --- [aquilae] [main] o.s.b.w.embedded.tomcat.TomcatWebServer  : Tomcat started on port 8081 (http) with context path '/'
2024-10-10T11:54:42.468+05:00  INFO 15850 --- [aquilae] [main] com.example.aquilae.AquilaeApplication   : Started AquilaeApplication in 2.776 seconds (process running for 3.144)
2024-10-10T11:59:14.602+05:00  INFO 15850 --- [aquilae] [http-nio-8081-exec-2] o.a.c.c.C.[Tomcat].[localhost].[/]       : Initializing Spring DispatcherServlet 'dispatcherServlet'
2024-10-10T11:59:14.602+05:00  INFO 15850 --- [aquilae] [http-nio-8081-exec-2] o.s.web.servlet.DispatcherServlet        : Initializing Servlet 'dispatcherServlet'
2024-10-10T11:59:14.603+05:00  INFO 15850 --- [aquilae] [http-nio-8081-exec-2] o.s.web.servlet.DispatcherServlet        : Completed initialization in 1 ms
2024-10-10T11:59:14.619+05:00  INFO 15850 --- [aquilae] [http-nio-8081-exec-2] c.example.aquilae.user.AdminController   : sneakers() method called
2024-10-10T11:59:14.619+05:00  INFO 15850 --- [aquilae] [http-nio-8081-exec-2] c.e.aquilae.sneakers.SneakersService     : getAllSneakers called
2024-10-10T12:01:10.328+05:00  INFO 15850 --- [aquilae] [http-nio-8081-exec-4] com.example.aquilae.FrontGiver           : login page called
2024-10-10T12:01:19.355+05:00  INFO 15850 --- [aquilae] [http-nio-8081-exec-7] com.example.aquilae.FrontGiver           : login page called
2024-10-10T12:01:23.991+05:00  INFO 15850 --- [aquilae] [http-nio-8081-exec-9] com.example.aquilae.FrontGiver           : homepage called
2024-10-10T12:01:24.084+05:00  INFO 15850 --- [aquilae] [http-nio-8081-exec-9] com.example.aquilae.FrontGiver           : login page called
